<?xml version="1.0" encoding="UTF-8"?>
<testng-results ignored="0" total="1" passed="1" failed="0" skipped="0">
  <reporter-output>
  </reporter-output>
  <suite started-at="2022-12-09T23:03:15Z" name="AdvantageOnlineShopping.ShoppingHomework" finished-at="2022-12-09T23:04:07Z" duration-ms="52375">
    <groups>
    </groups>
    <test started-at="2022-12-09T23:03:15Z" name="Command line test" finished-at="2022-12-09T23:04:07Z" duration-ms="52375">
      <class name="AdvantageOnlineShopping.ShoppingHomework">
        <test-method is-config="true" signature="setup()[pri:0, instance:AdvantageOnlineShopping.ShoppingHomework@6e171cd7]" started-at="2022-12-09T23:03:15Z" name="setup" finished-at="2022-12-09T23:03:49Z" duration-ms="33877" status="PASS">
          <reporter-output>
          </reporter-output>
        </test-method> <!-- setup -->
        <test-method signature="ShoppingHome()[pri:0, instance:AdvantageOnlineShopping.ShoppingHomework@6e171cd7]" started-at="2022-12-09T23:03:49Z" name="ShoppingHome" finished-at="2022-12-09T23:04:07Z" duration-ms="18432" status="PASS">
          <reporter-output>
          </reporter-output>
        </test-method> <!-- ShoppingHome -->
        <test-method is-config="true" signature="teardown()[pri:0, instance:AdvantageOnlineShopping.ShoppingHomework@6e171cd7]" started-at="2022-12-09T23:04:07Z" name="teardown" finished-at="2022-12-09T23:04:07Z" duration-ms="1" status="PASS">
          <reporter-output>
          </reporter-output>
        </test-method> <!-- teardown -->
      </class> <!-- AdvantageOnlineShopping.ShoppingHomework -->
    </test> <!-- Command line test -->
  </suite> <!-- AdvantageOnlineShopping.ShoppingHomework -->
</testng-results>
